  glad.c
  Clouds.cpp
  imgui.cpp
  imgui_demo.cpp
  imgui_draw.cpp
  imgui_impl_glfw.cpp
  imgui_impl_opengl3.cpp
  imgui_tables.cpp
  imgui_widgets.cpp
  Camera.cpp
  Core.cpp
E:\OpenglCloud\DyRenderer\src\Core.cpp(179,32): warning C4244: “参数”: 从“float”转换到“GLsizei”，可能丢失数据
E:\OpenglCloud\DyRenderer\src\Core.cpp(179,19): warning C4244: “参数”: 从“float”转换到“GLsizei”，可能丢失数据
E:\OpenglCloud\DyRenderer\src\Core.cpp(266,32): warning C4244: “参数”: 从“float”转换到“GLsizei”，可能丢失数据
E:\OpenglCloud\DyRenderer\src\Core.cpp(266,19): warning C4244: “参数”: 从“float”转换到“GLsizei”，可能丢失数据
  depthMapMain.cpp
  FrameBuffer.cpp
  imguiLayer.cpp
  LightDirectional.cpp
  LightPoint.cpp
  LightSpot.cpp
  main.cpp
E:\OpenglCloud\DyRenderer\src\main.cpp(161,53): warning C4244: “参数”: 从“float”转换到“int”，可能丢失数据
E:\OpenglCloud\DyRenderer\src\main.cpp(161,40): warning C4244: “参数”: 从“float”转换到“int”，可能丢失数据
E:\OpenglCloud\DyRenderer\src\main.cpp(182,32): warning C4244: “参数”: 从“float”转换到“GLsizei”，可能丢失数据
E:\OpenglCloud\DyRenderer\src\main.cpp(182,19): warning C4244: “参数”: 从“float”转换到“GLsizei”，可能丢失数据
E:\OpenglCloud\DyRenderer\src\main.cpp(234,64): warning C4244: “参数”: 从“float”转换到“GLsizei”，可能丢失数据
E:\OpenglCloud\DyRenderer\src\main.cpp(234,48): warning C4244: “参数”: 从“float”转换到“GLsizei”，可能丢失数据
E:\OpenglCloud\DyRenderer\src\main.cpp(356,36): warning C4244: “参数”: 从“float”转换到“GLsizei”，可能丢失数据
E:\OpenglCloud\DyRenderer\src\main.cpp(356,20): warning C4244: “参数”: 从“float”转换到“GLsizei”，可能丢失数据
E:\OpenglCloud\DyRenderer\src\main.cpp(368,33): warning C4244: “参数”: 从“float”转换到“GLsizei”，可能丢失数据
E:\OpenglCloud\DyRenderer\src\main.cpp(368,20): warning C4244: “参数”: 从“float”转换到“GLsizei”，可能丢失数据
E:\OpenglCloud\DyRenderer\src\main.cpp(483,11): warning C4244: “=”: 从“double”转换到“float”，可能丢失数据
E:\OpenglCloud\DyRenderer\src\main.cpp(484,11): warning C4244: “=”: 从“double”转换到“float”，可能丢失数据
E:\OpenglCloud\DyRenderer\src\main.cpp(488,17): warning C4244: “=”: 从“double”转换到“float”，可能丢失数据
E:\OpenglCloud\DyRenderer\src\main.cpp(489,17): warning C4244: “=”: 从“double”转换到“float”，可能丢失数据
E:\OpenglCloud\DyRenderer\src\main.cpp(491,10): warning C4244: “=”: 从“double”转换到“float”，可能丢失数据
E:\OpenglCloud\DyRenderer\src\main.cpp(492,10): warning C4244: “=”: 从“double”转换到“float”，可能丢失数据
E:\OpenglCloud\DyRenderer\src\main.cpp(622,75): warning C4305: “参数”: 从“double”到“float”截断
  Material.cpp
  Mesh.cpp
  Model.cpp
E:\OpenglCloud\DyRenderer\src\Model.cpp(1,1): warning C4819: 该文件包含不能在当前代码页(936)中表示的字符。请将该文件保存为 Unicode 格式以防止数据丢失
  正在编译...
  My.cpp
  Shader.cpp
E:\OpenglCloud\DyRenderer\src\Shader.cpp(1,1): warning C4819: 该文件包含不能在当前代码页(936)中表示的字符。请将该文件保存为 Unicode 格式以防止数据丢失
  ShaderList.cpp
  SkyBox.cpp
  正在生成代码
  Previous IPDB not found, fall back to full compilation.
  All 2696 functions were compiled because no usable IPDB/IOBJ from previous compilation was found.
  已完成代码的生成
  MyOpenGL.vcxproj -> E:\OpenglCloud\DyRenderer\bin\Release-Win32\Opengl\Opengl.exe
