  main.cpp
E:\OpenglCloud\DyRenderer\src\main.cpp(294,83): warning C4244: “参数”: 从“float”转换到“int”，可能丢失数据
E:\OpenglCloud\DyRenderer\src\main.cpp(294,59): warning C4244: “参数”: 从“float”转换到“int”，可能丢失数据
E:\OpenglCloud\DyRenderer\src\main.cpp(314,62): warning C4244: “参数”: 从“float”转换到“GLsizei”，可能丢失数据
E:\OpenglCloud\DyRenderer\src\main.cpp(314,38): warning C4244: “参数”: 从“float”转换到“GLsizei”，可能丢失数据
E:\OpenglCloud\DyRenderer\src\main.cpp(370,63): warning C4244: “参数”: 从“float”转换到“GLsizei”，可能丢失数据
E:\OpenglCloud\DyRenderer\src\main.cpp(370,47): warning C4244: “参数”: 从“float”转换到“GLsizei”，可能丢失数据
E:\OpenglCloud\DyRenderer\src\main.cpp(425,106): warning C4244: “参数”: 从“float”转换到“GLsizei”，可能丢失数据
E:\OpenglCloud\DyRenderer\src\main.cpp(425,82): warning C4244: “参数”: 从“float”转换到“GLsizei”，可能丢失数据
E:\OpenglCloud\DyRenderer\src\main.cpp(430,93): warning C4244: “参数”: 从“float”转换到“GLsizei”，可能丢失数据
E:\OpenglCloud\DyRenderer\src\main.cpp(430,69): warning C4244: “参数”: 从“float”转换到“GLsizei”，可能丢失数据
E:\OpenglCloud\DyRenderer\src\main.cpp(469,36): warning C4244: “参数”: 从“float”转换到“GLsizei”，可能丢失数据
E:\OpenglCloud\DyRenderer\src\main.cpp(469,20): warning C4244: “参数”: 从“float”转换到“GLsizei”，可能丢失数据
E:\OpenglCloud\DyRenderer\src\main.cpp(481,63): warning C4244: “参数”: 从“float”转换到“GLsizei”，可能丢失数据
E:\OpenglCloud\DyRenderer\src\main.cpp(481,39): warning C4244: “参数”: 从“float”转换到“GLsizei”，可能丢失数据
E:\OpenglCloud\DyRenderer\src\main.cpp(651,71): warning C4244: “参数”: 从“float”转换到“GLsizei”，可能丢失数据
E:\OpenglCloud\DyRenderer\src\main.cpp(651,43): warning C4244: “参数”: 从“float”转换到“GLsizei”，可能丢失数据
E:\OpenglCloud\DyRenderer\src\main.cpp(765,11): warning C4244: “=”: 从“double”转换到“float”，可能丢失数据
E:\OpenglCloud\DyRenderer\src\main.cpp(766,11): warning C4244: “=”: 从“double”转换到“float”，可能丢失数据
E:\OpenglCloud\DyRenderer\src\main.cpp(770,17): warning C4244: “=”: 从“double”转换到“float”，可能丢失数据
E:\OpenglCloud\DyRenderer\src\main.cpp(771,17): warning C4244: “=”: 从“double”转换到“float”，可能丢失数据
E:\OpenglCloud\DyRenderer\src\main.cpp(773,10): warning C4244: “=”: 从“double”转换到“float”，可能丢失数据
E:\OpenglCloud\DyRenderer\src\main.cpp(774,10): warning C4244: “=”: 从“double”转换到“float”，可能丢失数据
E:\OpenglCloud\DyRenderer\src\main.cpp(789,23): warning C4244: “参数”: 从“int”转换到“float”，可能丢失数据
E:\OpenglCloud\DyRenderer\src\main.cpp(790,22): warning C4244: “参数”: 从“int”转换到“float”，可能丢失数据
E:\OpenglCloud\DyRenderer\src\main.cpp(826,75): warning C4305: “参数”: 从“double”到“float”截断
E:\OpenglCloud\DyRenderer\src\main.cpp(894,71): warning C4305: “参数”: 从“double”到“float”截断
E:\OpenglCloud\DyRenderer\src\main.cpp(910,68): warning C4244: “参数”: 从“int”转换到“float”，可能丢失数据
E:\OpenglCloud\DyRenderer\src\main.cpp(910,55): warning C4244: “参数”: 从“int”转换到“float”，可能丢失数据
E:\OpenglCloud\DyRenderer\src\main.cpp(915,80): warning C4244: “参数”: 从“int”转换到“float”，可能丢失数据
E:\OpenglCloud\DyRenderer\src\main.cpp(915,67): warning C4244: “参数”: 从“int”转换到“float”，可能丢失数据
E:\OpenglCloud\DyRenderer\src\main.cpp(1045,76): warning C4305: “参数”: 从“double”到“float”截断
E:\OpenglCloud\DyRenderer\src\main.cpp(1054,96): warning C4244: “参数”: 从“float”转换到“ImGuiSliderFlags”，可能丢失数据
E:\OpenglCloud\DyRenderer\src\main.cpp(1098,95): warning C4244: “参数”: 从“float”转换到“ImGuiSliderFlags”，可能丢失数据
E:\OpenglCloud\DyRenderer\src\main.cpp(1121,72): warning C4305: “参数”: 从“double”到“float”截断
E:\OpenglCloud\DyRenderer\src\main.cpp(1138,69): warning C4244: “参数”: 从“int”转换到“float”，可能丢失数据
E:\OpenglCloud\DyRenderer\src\main.cpp(1138,56): warning C4244: “参数”: 从“int”转换到“float”，可能丢失数据
E:\OpenglCloud\DyRenderer\src\main.cpp(1143,81): warning C4244: “参数”: 从“int”转换到“float”，可能丢失数据
E:\OpenglCloud\DyRenderer\src\main.cpp(1143,68): warning C4244: “参数”: 从“int”转换到“float”，可能丢失数据
  MyOpenGL.vcxproj -> E:\OpenglCloud\DyRenderer\bin\Debug-Win32\Opengl\Opengl.exe
