e:\openglcloud\dy-renderer\bin\int\debug-win32\opengl\vc142_tmp.pdb
e:\openglcloud\dy-renderer\bin\int\debug-win32\opengl\vc142_tmp.idb
e:\openglcloud\dy-renderer\bin\int\debug-win32\opengl\glad.obj
e:\openglcloud\dy-renderer\bin\int\debug-win32\opengl\shader.obj
e:\openglcloud\dy-renderer\bin\int\debug-win32\opengl\model.obj
e:\openglcloud\dy-renderer\bin\int\debug-win32\opengl\mesh.obj
e:\openglcloud\dy-renderer\bin\int\debug-win32\opengl\material.obj
e:\openglcloud\dy-renderer\bin\int\debug-win32\opengl\main.obj
e:\openglcloud\dy-renderer\bin\int\debug-win32\opengl\lightspot.obj
e:\openglcloud\dy-renderer\bin\int\debug-win32\opengl\lightpoint.obj
e:\openglcloud\dy-renderer\bin\int\debug-win32\opengl\lightdirectional.obj
e:\openglcloud\dy-renderer\bin\int\debug-win32\opengl\framebuffer.obj
e:\openglcloud\dy-renderer\bin\int\debug-win32\opengl\depthmapmain.obj
e:\openglcloud\dy-renderer\bin\int\debug-win32\opengl\fbo.obj
e:\openglcloud\dy-renderer\bin\int\debug-win32\opengl\camera.obj
e:\openglcloud\dy-renderer\bin\int\debug-win32\opengl\imgui_widgets.obj
e:\openglcloud\dy-renderer\bin\int\debug-win32\opengl\imgui_tables.obj
e:\openglcloud\dy-renderer\bin\int\debug-win32\opengl\imgui_impl_opengl3.obj
e:\openglcloud\dy-renderer\bin\int\debug-win32\opengl\imgui_impl_glfw.obj
e:\openglcloud\dy-renderer\bin\int\debug-win32\opengl\imgui_draw.obj
e:\openglcloud\dy-renderer\bin\int\debug-win32\opengl\imgui_demo.obj
e:\openglcloud\dy-renderer\bin\int\debug-win32\opengl\imgui.obj
e:\openglcloud\dy-renderer\bin\int\debug-win32\opengl\clouds.obj
e:\openglcloud\dy-renderer\bin\int\debug-win32\opengl\skybox.obj
e:\openglcloud\dy-renderer\bin\int\debug-win32\opengl\shaderlist.obj
e:\openglcloud\dy-renderer\bin\debug-win32\opengl\opengl.exe
e:\openglcloud\dy-renderer\bin\int\debug-win32\opengl\opengl.ilk
e:\openglcloud\dy-renderer\bin\debug-win32\opengl\opengl.pdb
e:\openglcloud\dy-renderer\bin\int\debug-win32\opengl\opengl.tlog\cl.command.1.tlog
e:\openglcloud\dy-renderer\bin\int\debug-win32\opengl\opengl.tlog\cl.read.1.tlog
e:\openglcloud\dy-renderer\bin\int\debug-win32\opengl\opengl.tlog\cl.write.1.tlog
e:\openglcloud\dy-renderer\bin\int\debug-win32\opengl\opengl.tlog\link.command.1.tlog
e:\openglcloud\dy-renderer\bin\int\debug-win32\opengl\opengl.tlog\link.read.1.tlog
e:\openglcloud\dy-renderer\bin\int\debug-win32\opengl\opengl.tlog\link.write.1.tlog
